[+] Containers:
 |- [+] Container: /Game/LVLS/FirstPersonMap
 |   |- [+] ActorDescs:
 |   |   |- Guid:0EDB289B45CB7E0977A6DBA74201EE76 NativeClass:/Script/Engine.StaticMeshActor Name:StaticMeshActor_10 Label:SM_Cube6 SpatiallyLoaded:true EditorBounds:IsValid=true, Min=(X=2900.000 Y=100.000 Z=-262.294), Max=(X=3000.000 Y=4100.000 Z=1337.706) RuntimeBounds:IsValid=true, Min=(X=2900.000 Y=100.000 Z=-262.294), Max=(X=3000.000 Y=4100.000 Z=1337.706) RuntimeGrid:None EditorOnly:false RuntimeOnly:false HLODRelevant:true ListedInSceneOutliner:true IsMainWorldOnly:false FolderPath:Playground FolderGuid:6C02BB504B69D1F3D7A624B130C18E5B
 |   |   |- Guid:18FB723C4FA3213136CB9DB9F5C43B68 NativeClass:/Script/Engine.StaticMeshActor Name:StaticMeshActor_UAID_08BFB8BDEB54F89802_2026637655 Label:SM_Cube7 SpatiallyLoaded:true EditorBounds:IsValid=true, Min=(X=-646.458 Y=-0.000 Z=300.099), Max=(X=2903.542 Y=400.000 Z=400.099) RuntimeBounds:IsValid=true, Min=(X=-646.458 Y=-0.000 Z=300.099), Max=(X=2903.542 Y=400.000 Z=400.099) RuntimeGrid:None EditorOnly:false RuntimeOnly:false HLODRelevant:true ListedInSceneOutliner:true IsMainWorldOnly:false FolderPath:Playground FolderGuid:6C02BB504B69D1F3D7A624B130C18E5B
 |   |   |- Guid:21262252453B37957EF29F82ABA2413B NativeClass:/Script/Engine.TextRenderActor Name:TextRenderActor_1 Label:TextRenderActor SpatiallyLoaded:true EditorBounds:IsValid=true, Min=(X=-128.100 Y=972.000 Z=12.013), Max=(X=127.900 Y=2363.461 Z=268.013) RuntimeBounds:IsValid=true, Min=(X=-0.100 Y=1100.000 Z=65.013), Max=(X=-0.100 Y=2363.461 Z=215.013) RuntimeGrid:None EditorOnly:false RuntimeOnly:false HLODRelevant:false ListedInSceneOutliner:true IsMainWorldOnly:false
 |   |   |- Guid:361206AA4D62B65BACC48AAF8F6C2D2E NativeClass:/Script/Engine.StaticMeshActor Name:StaticMeshActor_UAID_08BFB8BDEB54679902_1356683191 Label:SM_Cube15 SpatiallyLoaded:true EditorBounds:IsValid=true, Min=(X=2900.000 Y=3390.020 Z=-262.294), Max=(X=3000.000 Y=5115.020 Z=687.706) RuntimeBounds:IsValid=true, Min=(X=2900.000 Y=3390.020 Z=-262.294), Max=(X=3000.000 Y=5115.020 Z=687.706) RuntimeGrid:None EditorOnly:false RuntimeOnly:false HLODRelevant:true ListedInSceneOutliner:true IsMainWorldOnly:false FolderPath:Playground FolderGuid:6C02BB504B69D1F3D7A624B130C18E5B
 |   |   |- Guid:47BDFB044DA739BC714BEF80C8739F74 NativeClass:/Script/Engine.StaticMeshActor Name:StaticMeshActor_UAID_08BFB8BDEB54F99802_1088612834 Label:SM_Cube10 SpatiallyLoaded:true EditorBounds:IsValid=true, Min=(X=1002.699 Y=4146.206 Z=-64.395), Max=(X=1477.699 Y=4596.206 Z=460.605) RuntimeBounds:IsValid=true, Min=(X=1002.699 Y=4146.206 Z=-64.395), Max=(X=1477.699 Y=4596.206 Z=460.605) RuntimeGrid:None EditorOnly:false RuntimeOnly:false HLODRelevant:true ListedInSceneOutliner:true IsMainWorldOnly:false FolderPath:Playground FolderGuid:6C02BB504B69D1F3D7A624B130C18E5B
 |   |   |- Guid:4E1051F149445E27222E0385FA1DDDDD NativeClass:/Script/Engine.StaticMeshActor Name:StaticMeshActor_UAID_08BFB8BDEB54F99802_1470786839 Label:SM_Cube14 SpatiallyLoaded:true EditorBounds:IsValid=true, Min=(X=2025.390 Y=4146.206 Z=-64.395), Max=(X=2500.390 Y=4596.206 Z=585.605) RuntimeBounds:IsValid=true, Min=(X=2025.390 Y=4146.206 Z=-64.395), Max=(X=2500.390 Y=4596.206 Z=585.605) RuntimeGrid:None EditorOnly:false RuntimeOnly:false HLODRelevant:true ListedInSceneOutliner:true IsMainWorldOnly:false FolderPath:Playground FolderGuid:6C02BB504B69D1F3D7A624B130C18E5B
 |   |   |- Guid:5E8AA72F4AB5A8EB1CD914AA1F7DFBA3 NativeClass:/Script/Engine.StaticMeshActor Name:StaticMeshActor_UAID_08BFB8BDEB54F99802_1395548838 Label:SM_Cube13 SpatiallyLoaded:true EditorBounds:IsValid=true, Min=(X=-646.458 Y=0.000 Z=399.686), Max=(X=2903.542 Y=100.000 Z=1324.686) RuntimeBounds:IsValid=true, Min=(X=-646.458 Y=0.000 Z=399.686), Max=(X=2903.542 Y=100.000 Z=1324.686) RuntimeGrid:None EditorOnly:false RuntimeOnly:false HLODRelevant:true ListedInSceneOutliner:true IsMainWorldOnly:false FolderPath:Playground FolderGuid:6C02BB504B69D1F3D7A624B130C18E5B
 |   |   |- Guid:5FE7584649BB6F09265329A6C57CFD0D NativeClass:/Script/Engine.VolumetricCloud Name:VolumetricCloud_0 Label:VolumetricCloud SpatiallyLoaded:false EditorBounds:IsValid=true, Min=(X=-128.000 Y=-128.000 Z=692.000), Max=(X=128.000 Y=128.000 Z=948.000) RuntimeBounds:IsValid=true, Min=(X=0.000 Y=0.000 Z=820.000), Max=(X=0.000 Y=0.000 Z=820.000) RuntimeGrid:None EditorOnly:false RuntimeOnly:false HLODRelevant:false ListedInSceneOutliner:true IsMainWorldOnly:false FolderPath:Lighting FolderGuid:0BA5F0A04EADB18E70D5B180D08FA34B
 |   |   |- Guid:61391D344900612A77DFC3BA3E354907 NativeClass:/Script/Engine.ExponentialHeightFog Name:ExponentialHeightFog_0 Label:ExponentialHeightFog SpatiallyLoaded:false EditorBounds:IsValid=true, Min=(X=-5728.000 Y=-178.000 Z=-6978.000), Max=(X=-5472.000 Y=78.000 Z=-6722.000) RuntimeBounds:IsValid=true, Min=(X=-5600.000 Y=-50.000 Z=-6850.000), Max=(X=-5600.000 Y=-50.000 Z=-6850.000) RuntimeGrid:None EditorOnly:false RuntimeOnly:false HLODRelevant:false ListedInSceneOutliner:true IsMainWorldOnly:false FolderPath:Lighting FolderGuid:0BA5F0A04EADB18E70D5B180D08FA34B
 |   |   |- Guid:6FEFB3BD4EB37B849EF0D4AC80F83855 NativeClass:/Script/Engine.WorldDataLayers Name:WorldDataLayers Label:WorldDataLayers SpatiallyLoaded:false EditorBounds:IsValid=false, Min=(X=0.000 Y=0.000 Z=0.000), Max=(X=0.000 Y=0.000 Z=0.000) RuntimeBounds:IsValid=false, Min=(X=0.000 Y=0.000 Z=0.000), Max=(X=0.000 Y=0.000 Z=0.000) RuntimeGrid:None EditorOnly:false RuntimeOnly:false HLODRelevant:false ListedInSceneOutliner:true IsMainWorldOnly:true
 |   |   |- Guid:78CAF7514C7533F30BD2F19A017AAB65 NativeClass:/Script/Engine.StaticMeshActor Name:StaticMeshActor_0 Label:SM_Cube SpatiallyLoaded:true EditorBounds:IsValid=true, Min=(X=-688.240 Y=0.000 Z=-50.000), Max=(X=2911.760 Y=5100.000 Z=-0.000) RuntimeBounds:IsValid=true, Min=(X=-688.240 Y=0.000 Z=-50.000), Max=(X=2911.760 Y=5100.000 Z=-0.000) RuntimeGrid:None EditorOnly:false RuntimeOnly:false HLODRelevant:true ListedInSceneOutliner:true IsMainWorldOnly:false FolderPath:Playground FolderGuid:6C02BB504B69D1F3D7A624B130C18E5B
 |   |   |- Guid:800EE2C84F31CF607481F9B99570BC11 NativeClass:/Script/Engine.StaticMeshActor Name:StaticMeshActor_UAID_08BFB8BDEB54239802_1323199167 Label:SM_Cube4 SpatiallyLoaded:true EditorBounds:IsValid=true, Min=(X=-17.365 Y=2400.000 Z=-190.000), Max=(X=2954.423 Y=2800.000 Z=429.425) RuntimeBounds:IsValid=true, Min=(X=-17.365 Y=2400.000 Z=-190.000), Max=(X=2954.423 Y=2800.000 Z=429.425) RuntimeGrid:None EditorOnly:false RuntimeOnly:false HLODRelevant:true ListedInSceneOutliner:true IsMainWorldOnly:false FolderPath:Playground FolderGuid:6C02BB504B69D1F3D7A624B130C18E5B
 |   |   |- Guid:8559D1384B14F466E8927697A36C1D78 NativeClass:/Script/Engine.StaticMeshActor Name:StaticMeshActor_9 Label:SM_Cube5 SpatiallyLoaded:true EditorBounds:IsValid=true, Min=(X=-693.029 Y=100.000 Z=-0.000), Max=(X=-593.029 Y=5100.000 Z=400.000) RuntimeBounds:IsValid=true, Min=(X=-693.029 Y=100.000 Z=-0.000), Max=(X=-593.029 Y=5100.000 Z=400.000) RuntimeGrid:None EditorOnly:false RuntimeOnly:false HLODRelevant:true ListedInSceneOutliner:true IsMainWorldOnly:false FolderPath:Playground FolderGuid:6C02BB504B69D1F3D7A624B130C18E5B
 |   |   |- Guid:8869EF084FC3E1DD127959830188FA95 NativeClass:/Script/Engine.StaticMeshActor Name:StaticMeshActor_UAID_08BFB8BDEB54F99802_1321392836 Label:SM_Cube3 SpatiallyLoaded:true EditorBounds:IsValid=true, Min=(X=-646.458 Y=3346.329 Z=0.000), Max=(X=2903.542 Y=3446.329 Z=400.000) RuntimeBounds:IsValid=true, Min=(X=-646.458 Y=3346.329 Z=0.000), Max=(X=2903.542 Y=3446.329 Z=400.000) RuntimeGrid:None EditorOnly:false RuntimeOnly:false HLODRelevant:true ListedInSceneOutliner:true IsMainWorldOnly:false FolderPath:Playground FolderGuid:6C02BB504B69D1F3D7A624B130C18E5B
 |   |   |- Guid:8E7D87104CA1364ED9D632A8403E2116 NativeClass:/Script/Engine.StaticMeshActor Name:StaticMeshActor_UAID_08BFB8BDEB54F99802_1341726837 Label:SM_Cube12 SpatiallyLoaded:true EditorBounds:IsValid=true, Min=(X=-646.458 Y=5035.272 Z=-262.294), Max=(X=2903.542 Y=5135.272 Z=1337.706) RuntimeBounds:IsValid=true, Min=(X=-646.458 Y=5035.272 Z=-262.294), Max=(X=2903.542 Y=5135.272 Z=1337.706) RuntimeGrid:None EditorOnly:false RuntimeOnly:false HLODRelevant:true ListedInSceneOutliner:true IsMainWorldOnly:false FolderPath:Playground FolderGuid:6C02BB504B69D1F3D7A624B130C18E5B
 |   |   |- Guid:90B7B8D3420C2EABA931D3A6A69DF696 NativeClass:/Script/Engine.StaticMeshActor Name:StaticMeshActor_3 Label:SM_Cube2 SpatiallyLoaded:true EditorBounds:IsValid=true, Min=(X=-646.458 Y=0.000 Z=0.000), Max=(X=2903.542 Y=100.000 Z=400.000) RuntimeBounds:IsValid=true, Min=(X=-646.458 Y=0.000 Z=0.000), Max=(X=2903.542 Y=100.000 Z=400.000) RuntimeGrid:None EditorOnly:false RuntimeOnly:false HLODRelevant:true ListedInSceneOutliner:true IsMainWorldOnly:false FolderPath:Playground FolderGuid:6C02BB504B69D1F3D7A624B130C18E5B
 |   |   |- Guid:A23BD2A841B2B2D22FEE079EC8C1BE91 NativeClass:/Script/Engine.StaticMeshActor Name:StaticMeshActor_UAID_08BFB8BDEB54F89802_2126055657 Label:SM_Cube9 SpatiallyLoaded:true EditorBounds:IsValid=true, Min=(X=36.571 Y=4146.206 Z=-64.395), Max=(X=511.571 Y=4596.206 Z=335.605) RuntimeBounds:IsValid=true, Min=(X=36.571 Y=4146.206 Z=-64.395), Max=(X=511.571 Y=4596.206 Z=335.605) RuntimeGrid:None EditorOnly:false RuntimeOnly:false HLODRelevant:true ListedInSceneOutliner:true IsMainWorldOnly:false FolderPath:Playground FolderGuid:6C02BB504B69D1F3D7A624B130C18E5B
 |   |   |- Guid:A354B1B24E617A525DC6B48CCDE2417E NativeClass:/Script/Engine.PlayerStart Name:PlayerStart_0 Label:PlayerStart SpatiallyLoaded:false EditorBounds:IsValid=true, Min=(X=218.800 Y=2464.887 Z=-35.987), Max=(X=586.800 Y=2720.887 Z=220.013) RuntimeBounds:IsValid=true, Min=(X=306.800 Y=2552.887 Z=0.013), Max=(X=386.800 Y=2632.887 Z=184.013) RuntimeGrid:None EditorOnly:false RuntimeOnly:false HLODRelevant:false ListedInSceneOutliner:true IsMainWorldOnly:false
 |   |   |- Guid:B309498740394FB6E655719AFE09A644 NativeClass:/Script/Engine.StaticMeshActor Name:StaticMeshActor_UAID_08BFB8BDEB54F99802_1284763835 Label:SM_Cube11 SpatiallyLoaded:true EditorBounds:IsValid=true, Min=(X=-802.984 Y=2368.641 Z=-64.395), Max=(X=-327.984 Y=2818.641 Z=335.605) RuntimeBounds:IsValid=true, Min=(X=-802.984 Y=2368.641 Z=-64.395), Max=(X=-327.984 Y=2818.641 Z=335.605) RuntimeGrid:None EditorOnly:false RuntimeOnly:false HLODRelevant:true ListedInSceneOutliner:true IsMainWorldOnly:false FolderPath:Playground FolderGuid:6C02BB504B69D1F3D7A624B130C18E5B
 |   |   |- Guid:C0B578EC47DCD9597AD96AA28E9B6F5B NativeClass:/Script/Engine.StaticMeshActor Name:StaticMeshActor_UAID_08BFB8BDEB54679902_1404934192 Label:SM_Cube16 SpatiallyLoaded:true EditorBounds:IsValid=true, Min=(X=2900.000 Y=4604.270 Z=-262.294), Max=(X=3000.000 Y=5204.270 Z=1337.706) RuntimeBounds:IsValid=true, Min=(X=2900.000 Y=4604.270 Z=-262.294), Max=(X=3000.000 Y=5204.270 Z=1337.706) RuntimeGrid:None EditorOnly:false RuntimeOnly:false HLODRelevant:true ListedInSceneOutliner:true IsMainWorldOnly:false FolderPath:Playground FolderGuid:6C02BB504B69D1F3D7A624B130C18E5B
 |   |   |- Guid:C0C56B9644AE3D40CAFF6A878DB29844 NativeClass:/Script/Engine.StaticMeshActor Name:StaticMeshActor_UAID_A4AE111137DC5EFB00_2001720423 Label:SM_SkySphere SpatiallyLoaded:false EditorBounds:IsValid=true, Min=(X=-1638400.000 Y=-1654784.000 Z=-1638400.000), Max=(X=1638400.000 Y=1654784.000 Z=1638400.000) RuntimeBounds:IsValid=true, Min=(X=-1638400.000 Y=-1654784.000 Z=-1638400.000), Max=(X=1638400.000 Y=1654784.000 Z=1638400.000) RuntimeGrid:None EditorOnly:false RuntimeOnly:false HLODRelevant:false ListedInSceneOutliner:true IsMainWorldOnly:false FolderPath:Lighting FolderGuid:0BA5F0A04EADB18E70D5B180D08FA34B
 |   |   |- Guid:C22CE07C4B87D685137FDBBC10FC92C6 NativeClass:/Script/Engine.SkyAtmosphere Name:SkyAtmosphere_0 Label:SkyAtmosphere SpatiallyLoaded:false EditorBounds:IsValid=true, Min=(X=-128.000 Y=-128.000 Z=892.000), Max=(X=240.000 Y=128.000 Z=1148.000) RuntimeBounds:IsValid=true, Min=(X=0.000 Y=0.000 Z=1020.000), Max=(X=0.000 Y=0.000 Z=1020.000) RuntimeGrid:None EditorOnly:false RuntimeOnly:false HLODRelevant:false ListedInSceneOutliner:true IsMainWorldOnly:false FolderPath:Lighting FolderGuid:0BA5F0A04EADB18E70D5B180D08FA34B
 |   |   |- Guid:C6A3B2C845C72FDEBC9667B6D27DAC14 NativeClass:/Script/Engine.StaticMeshActor Name:StaticMeshActor_UAID_08BFB8BDEB54F89802_2039078656 Label:SM_Cube8 SpatiallyLoaded:true EditorBounds:IsValid=true, Min=(X=-692.773 Y=-0.000 Z=400.640), Max=(X=-592.773 Y=5025.000 Z=1325.640) RuntimeBounds:IsValid=true, Min=(X=-692.773 Y=-0.000 Z=400.640), Max=(X=-592.773 Y=5025.000 Z=1325.640) RuntimeGrid:None EditorOnly:false RuntimeOnly:false HLODRelevant:true ListedInSceneOutliner:true IsMainWorldOnly:false FolderPath:Playground FolderGuid:6C02BB504B69D1F3D7A624B130C18E5B
 |   |   |- Guid:CE8D82634660FCDB3120E2B8D547C533 NativeClass:/Script/Engine.PostProcessVolume Name:PostProcessVolume_0 Label:PostProcessVolume SpatiallyLoaded:false EditorBounds:IsValid=true, Min=(X=0.000 Y=0.000 Z=400.000), Max=(X=200.000 Y=200.000 Z=600.000) RuntimeBounds:IsValid=true, Min=(X=0.000 Y=0.000 Z=400.000), Max=(X=200.000 Y=200.000 Z=600.000) RuntimeGrid:None EditorOnly:false RuntimeOnly:false HLODRelevant:false ListedInSceneOutliner:true IsMainWorldOnly:false FolderPath:Lighting FolderGuid:0BA5F0A04EADB18E70D5B180D08FA34B
 |   |   |- Guid:E5320C1B4FD9764CE7B54D8487AEC613 NativeClass:/Script/Engine.SkyLight Name:SkyLight_0 Label:SkyLight SpatiallyLoaded:false EditorBounds:IsValid=true, Min=(X=-1.000 Y=-1.000 Z=-1.000), Max=(X=1.000 Y=1.000 Z=690.000) RuntimeBounds:IsValid=true, Min=(X=0.000 Y=0.000 Z=690.000), Max=(X=0.000 Y=0.000 Z=690.000) RuntimeGrid:None EditorOnly:false RuntimeOnly:false HLODRelevant:false ListedInSceneOutliner:true IsMainWorldOnly:false FolderPath:Lighting FolderGuid:0BA5F0A04EADB18E70D5B180D08FA34B
 |   |   |- Guid:F80621C9446867154938FE81375207DA NativeClass:/Script/Engine.DirectionalLight Name:DirectionalLight_1 Label:DirectionalLight SpatiallyLoaded:false EditorBounds:IsValid=false, Min=(X=0.000 Y=0.000 Z=0.000), Max=(X=0.000 Y=0.000 Z=0.000) RuntimeBounds:IsValid=false, Min=(X=0.000 Y=0.000 Z=0.000), Max=(X=0.000 Y=0.000 Z=0.000) RuntimeGrid:None EditorOnly:false RuntimeOnly:false HLODRelevant:false ListedInSceneOutliner:true IsMainWorldOnly:false FolderPath:Lighting FolderGuid:0BA5F0A04EADB18E70D5B180D08FA34B
 |   |- [+] Clusters:
 |   |   |- [+] [  0]
 |   |   |   |- Guid:0EDB289B45CB7E0977A6DBA74201EE76 NativeClass:/Script/Engine.StaticMeshActor Name:StaticMeshActor_10 Label:SM_Cube6 SpatiallyLoaded:true EditorBounds:IsValid=true, Min=(X=2900.000 Y=100.000 Z=-262.294), Max=(X=3000.000 Y=4100.000 Z=1337.706) RuntimeBounds:IsValid=true, Min=(X=2900.000 Y=100.000 Z=-262.294), Max=(X=3000.000 Y=4100.000 Z=1337.706) RuntimeGrid:None EditorOnly:false RuntimeOnly:false HLODRelevant:true ListedInSceneOutliner:true IsMainWorldOnly:false FolderPath:Playground FolderGuid:6C02BB504B69D1F3D7A624B130C18E5B
 |   |   |- [+] [  1]
 |   |   |   |- Guid:18FB723C4FA3213136CB9DB9F5C43B68 NativeClass:/Script/Engine.StaticMeshActor Name:StaticMeshActor_UAID_08BFB8BDEB54F89802_2026637655 Label:SM_Cube7 SpatiallyLoaded:true EditorBounds:IsValid=true, Min=(X=-646.458 Y=-0.000 Z=300.099), Max=(X=2903.542 Y=400.000 Z=400.099) RuntimeBounds:IsValid=true, Min=(X=-646.458 Y=-0.000 Z=300.099), Max=(X=2903.542 Y=400.000 Z=400.099) RuntimeGrid:None EditorOnly:false RuntimeOnly:false HLODRelevant:true ListedInSceneOutliner:true IsMainWorldOnly:false FolderPath:Playground FolderGuid:6C02BB504B69D1F3D7A624B130C18E5B
 |   |   |- [+] [  2]
 |   |   |   |- Guid:21262252453B37957EF29F82ABA2413B NativeClass:/Script/Engine.TextRenderActor Name:TextRenderActor_1 Label:TextRenderActor SpatiallyLoaded:true EditorBounds:IsValid=true, Min=(X=-128.100 Y=972.000 Z=12.013), Max=(X=127.900 Y=2363.461 Z=268.013) RuntimeBounds:IsValid=true, Min=(X=-0.100 Y=1100.000 Z=65.013), Max=(X=-0.100 Y=2363.461 Z=215.013) RuntimeGrid:None EditorOnly:false RuntimeOnly:false HLODRelevant:false ListedInSceneOutliner:true IsMainWorldOnly:false
 |   |   |- [+] [  3]
 |   |   |   |- Guid:361206AA4D62B65BACC48AAF8F6C2D2E NativeClass:/Script/Engine.StaticMeshActor Name:StaticMeshActor_UAID_08BFB8BDEB54679902_1356683191 Label:SM_Cube15 SpatiallyLoaded:true EditorBounds:IsValid=true, Min=(X=2900.000 Y=3390.020 Z=-262.294), Max=(X=3000.000 Y=5115.020 Z=687.706) RuntimeBounds:IsValid=true, Min=(X=2900.000 Y=3390.020 Z=-262.294), Max=(X=3000.000 Y=5115.020 Z=687.706) RuntimeGrid:None EditorOnly:false RuntimeOnly:false HLODRelevant:true ListedInSceneOutliner:true IsMainWorldOnly:false FolderPath:Playground FolderGuid:6C02BB504B69D1F3D7A624B130C18E5B
 |   |   |- [+] [  4]
 |   |   |   |- Guid:47BDFB044DA739BC714BEF80C8739F74 NativeClass:/Script/Engine.StaticMeshActor Name:StaticMeshActor_UAID_08BFB8BDEB54F99802_1088612834 Label:SM_Cube10 SpatiallyLoaded:true EditorBounds:IsValid=true, Min=(X=1002.699 Y=4146.206 Z=-64.395), Max=(X=1477.699 Y=4596.206 Z=460.605) RuntimeBounds:IsValid=true, Min=(X=1002.699 Y=4146.206 Z=-64.395), Max=(X=1477.699 Y=4596.206 Z=460.605) RuntimeGrid:None EditorOnly:false RuntimeOnly:false HLODRelevant:true ListedInSceneOutliner:true IsMainWorldOnly:false FolderPath:Playground FolderGuid:6C02BB504B69D1F3D7A624B130C18E5B
 |   |   |- [+] [  5]
 |   |   |   |- Guid:4E1051F149445E27222E0385FA1DDDDD NativeClass:/Script/Engine.StaticMeshActor Name:StaticMeshActor_UAID_08BFB8BDEB54F99802_1470786839 Label:SM_Cube14 SpatiallyLoaded:true EditorBounds:IsValid=true, Min=(X=2025.390 Y=4146.206 Z=-64.395), Max=(X=2500.390 Y=4596.206 Z=585.605) RuntimeBounds:IsValid=true, Min=(X=2025.390 Y=4146.206 Z=-64.395), Max=(X=2500.390 Y=4596.206 Z=585.605) RuntimeGrid:None EditorOnly:false RuntimeOnly:false HLODRelevant:true ListedInSceneOutliner:true IsMainWorldOnly:false FolderPath:Playground FolderGuid:6C02BB504B69D1F3D7A624B130C18E5B
 |   |   |- [+] [  6]
 |   |   |   |- Guid:5E8AA72F4AB5A8EB1CD914AA1F7DFBA3 NativeClass:/Script/Engine.StaticMeshActor Name:StaticMeshActor_UAID_08BFB8BDEB54F99802_1395548838 Label:SM_Cube13 SpatiallyLoaded:true EditorBounds:IsValid=true, Min=(X=-646.458 Y=0.000 Z=399.686), Max=(X=2903.542 Y=100.000 Z=1324.686) RuntimeBounds:IsValid=true, Min=(X=-646.458 Y=0.000 Z=399.686), Max=(X=2903.542 Y=100.000 Z=1324.686) RuntimeGrid:None EditorOnly:false RuntimeOnly:false HLODRelevant:true ListedInSceneOutliner:true IsMainWorldOnly:false FolderPath:Playground FolderGuid:6C02BB504B69D1F3D7A624B130C18E5B
 |   |   |- [+] [  7]
 |   |   |   |- Guid:5FE7584649BB6F09265329A6C57CFD0D NativeClass:/Script/Engine.VolumetricCloud Name:VolumetricCloud_0 Label:VolumetricCloud SpatiallyLoaded:false EditorBounds:IsValid=true, Min=(X=-128.000 Y=-128.000 Z=692.000), Max=(X=128.000 Y=128.000 Z=948.000) RuntimeBounds:IsValid=true, Min=(X=0.000 Y=0.000 Z=820.000), Max=(X=0.000 Y=0.000 Z=820.000) RuntimeGrid:None EditorOnly:false RuntimeOnly:false HLODRelevant:false ListedInSceneOutliner:true IsMainWorldOnly:false FolderPath:Lighting FolderGuid:0BA5F0A04EADB18E70D5B180D08FA34B
 |   |   |- [+] [  8]
 |   |   |   |- Guid:61391D344900612A77DFC3BA3E354907 NativeClass:/Script/Engine.ExponentialHeightFog Name:ExponentialHeightFog_0 Label:ExponentialHeightFog SpatiallyLoaded:false EditorBounds:IsValid=true, Min=(X=-5728.000 Y=-178.000 Z=-6978.000), Max=(X=-5472.000 Y=78.000 Z=-6722.000) RuntimeBounds:IsValid=true, Min=(X=-5600.000 Y=-50.000 Z=-6850.000), Max=(X=-5600.000 Y=-50.000 Z=-6850.000) RuntimeGrid:None EditorOnly:false RuntimeOnly:false HLODRelevant:false ListedInSceneOutliner:true IsMainWorldOnly:false FolderPath:Lighting FolderGuid:0BA5F0A04EADB18E70D5B180D08FA34B
 |   |   |- [+] [  9]
 |   |   |   |- Guid:6FEFB3BD4EB37B849EF0D4AC80F83855 NativeClass:/Script/Engine.WorldDataLayers Name:WorldDataLayers Label:WorldDataLayers SpatiallyLoaded:false EditorBounds:IsValid=false, Min=(X=0.000 Y=0.000 Z=0.000), Max=(X=0.000 Y=0.000 Z=0.000) RuntimeBounds:IsValid=false, Min=(X=0.000 Y=0.000 Z=0.000), Max=(X=0.000 Y=0.000 Z=0.000) RuntimeGrid:None EditorOnly:false RuntimeOnly:false HLODRelevant:false ListedInSceneOutliner:true IsMainWorldOnly:true
 |   |   |- [+] [ 10]
 |   |   |   |- Guid:78CAF7514C7533F30BD2F19A017AAB65 NativeClass:/Script/Engine.StaticMeshActor Name:StaticMeshActor_0 Label:SM_Cube SpatiallyLoaded:true EditorBounds:IsValid=true, Min=(X=-688.240 Y=0.000 Z=-50.000), Max=(X=2911.760 Y=5100.000 Z=-0.000) RuntimeBounds:IsValid=true, Min=(X=-688.240 Y=0.000 Z=-50.000), Max=(X=2911.760 Y=5100.000 Z=-0.000) RuntimeGrid:None EditorOnly:false RuntimeOnly:false HLODRelevant:true ListedInSceneOutliner:true IsMainWorldOnly:false FolderPath:Playground FolderGuid:6C02BB504B69D1F3D7A624B130C18E5B
 |   |   |- [+] [ 11]
 |   |   |   |- Guid:800EE2C84F31CF607481F9B99570BC11 NativeClass:/Script/Engine.StaticMeshActor Name:StaticMeshActor_UAID_08BFB8BDEB54239802_1323199167 Label:SM_Cube4 SpatiallyLoaded:true EditorBounds:IsValid=true, Min=(X=-17.365 Y=2400.000 Z=-190.000), Max=(X=2954.423 Y=2800.000 Z=429.425) RuntimeBounds:IsValid=true, Min=(X=-17.365 Y=2400.000 Z=-190.000), Max=(X=2954.423 Y=2800.000 Z=429.425) RuntimeGrid:None EditorOnly:false RuntimeOnly:false HLODRelevant:true ListedInSceneOutliner:true IsMainWorldOnly:false FolderPath:Playground FolderGuid:6C02BB504B69D1F3D7A624B130C18E5B
 |   |   |- [+] [ 12]
 |   |   |   |- Guid:8559D1384B14F466E8927697A36C1D78 NativeClass:/Script/Engine.StaticMeshActor Name:StaticMeshActor_9 Label:SM_Cube5 SpatiallyLoaded:true EditorBounds:IsValid=true, Min=(X=-693.029 Y=100.000 Z=-0.000), Max=(X=-593.029 Y=5100.000 Z=400.000) RuntimeBounds:IsValid=true, Min=(X=-693.029 Y=100.000 Z=-0.000), Max=(X=-593.029 Y=5100.000 Z=400.000) RuntimeGrid:None EditorOnly:false RuntimeOnly:false HLODRelevant:true ListedInSceneOutliner:true IsMainWorldOnly:false FolderPath:Playground FolderGuid:6C02BB504B69D1F3D7A624B130C18E5B
 |   |   |- [+] [ 13]
 |   |   |   |- Guid:8869EF084FC3E1DD127959830188FA95 NativeClass:/Script/Engine.StaticMeshActor Name:StaticMeshActor_UAID_08BFB8BDEB54F99802_1321392836 Label:SM_Cube3 SpatiallyLoaded:true EditorBounds:IsValid=true, Min=(X=-646.458 Y=3346.329 Z=0.000), Max=(X=2903.542 Y=3446.329 Z=400.000) RuntimeBounds:IsValid=true, Min=(X=-646.458 Y=3346.329 Z=0.000), Max=(X=2903.542 Y=3446.329 Z=400.000) RuntimeGrid:None EditorOnly:false RuntimeOnly:false HLODRelevant:true ListedInSceneOutliner:true IsMainWorldOnly:false FolderPath:Playground FolderGuid:6C02BB504B69D1F3D7A624B130C18E5B
 |   |   |- [+] [ 14]
 |   |   |   |- Guid:8E7D87104CA1364ED9D632A8403E2116 NativeClass:/Script/Engine.StaticMeshActor Name:StaticMeshActor_UAID_08BFB8BDEB54F99802_1341726837 Label:SM_Cube12 SpatiallyLoaded:true EditorBounds:IsValid=true, Min=(X=-646.458 Y=5035.272 Z=-262.294), Max=(X=2903.542 Y=5135.272 Z=1337.706) RuntimeBounds:IsValid=true, Min=(X=-646.458 Y=5035.272 Z=-262.294), Max=(X=2903.542 Y=5135.272 Z=1337.706) RuntimeGrid:None EditorOnly:false RuntimeOnly:false HLODRelevant:true ListedInSceneOutliner:true IsMainWorldOnly:false FolderPath:Playground FolderGuid:6C02BB504B69D1F3D7A624B130C18E5B
 |   |   |- [+] [ 15]
 |   |   |   |- Guid:90B7B8D3420C2EABA931D3A6A69DF696 NativeClass:/Script/Engine.StaticMeshActor Name:StaticMeshActor_3 Label:SM_Cube2 SpatiallyLoaded:true EditorBounds:IsValid=true, Min=(X=-646.458 Y=0.000 Z=0.000), Max=(X=2903.542 Y=100.000 Z=400.000) RuntimeBounds:IsValid=true, Min=(X=-646.458 Y=0.000 Z=0.000), Max=(X=2903.542 Y=100.000 Z=400.000) RuntimeGrid:None EditorOnly:false RuntimeOnly:false HLODRelevant:true ListedInSceneOutliner:true IsMainWorldOnly:false FolderPath:Playground FolderGuid:6C02BB504B69D1F3D7A624B130C18E5B
 |   |   |- [+] [ 16]
 |   |   |   |- Guid:A23BD2A841B2B2D22FEE079EC8C1BE91 NativeClass:/Script/Engine.StaticMeshActor Name:StaticMeshActor_UAID_08BFB8BDEB54F89802_2126055657 Label:SM_Cube9 SpatiallyLoaded:true EditorBounds:IsValid=true, Min=(X=36.571 Y=4146.206 Z=-64.395), Max=(X=511.571 Y=4596.206 Z=335.605) RuntimeBounds:IsValid=true, Min=(X=36.571 Y=4146.206 Z=-64.395), Max=(X=511.571 Y=4596.206 Z=335.605) RuntimeGrid:None EditorOnly:false RuntimeOnly:false HLODRelevant:true ListedInSceneOutliner:true IsMainWorldOnly:false FolderPath:Playground FolderGuid:6C02BB504B69D1F3D7A624B130C18E5B
 |   |   |- [+] [ 17]
 |   |   |   |- Guid:A354B1B24E617A525DC6B48CCDE2417E NativeClass:/Script/Engine.PlayerStart Name:PlayerStart_0 Label:PlayerStart SpatiallyLoaded:false EditorBounds:IsValid=true, Min=(X=218.800 Y=2464.887 Z=-35.987), Max=(X=586.800 Y=2720.887 Z=220.013) RuntimeBounds:IsValid=true, Min=(X=306.800 Y=2552.887 Z=0.013), Max=(X=386.800 Y=2632.887 Z=184.013) RuntimeGrid:None EditorOnly:false RuntimeOnly:false HLODRelevant:false ListedInSceneOutliner:true IsMainWorldOnly:false
 |   |   |- [+] [ 18]
 |   |   |   |- Guid:B309498740394FB6E655719AFE09A644 NativeClass:/Script/Engine.StaticMeshActor Name:StaticMeshActor_UAID_08BFB8BDEB54F99802_1284763835 Label:SM_Cube11 SpatiallyLoaded:true EditorBounds:IsValid=true, Min=(X=-802.984 Y=2368.641 Z=-64.395), Max=(X=-327.984 Y=2818.641 Z=335.605) RuntimeBounds:IsValid=true, Min=(X=-802.984 Y=2368.641 Z=-64.395), Max=(X=-327.984 Y=2818.641 Z=335.605) RuntimeGrid:None EditorOnly:false RuntimeOnly:false HLODRelevant:true ListedInSceneOutliner:true IsMainWorldOnly:false FolderPath:Playground FolderGuid:6C02BB504B69D1F3D7A624B130C18E5B
 |   |   |- [+] [ 19]
 |   |   |   |- Guid:C0B578EC47DCD9597AD96AA28E9B6F5B NativeClass:/Script/Engine.StaticMeshActor Name:StaticMeshActor_UAID_08BFB8BDEB54679902_1404934192 Label:SM_Cube16 SpatiallyLoaded:true EditorBounds:IsValid=true, Min=(X=2900.000 Y=4604.270 Z=-262.294), Max=(X=3000.000 Y=5204.270 Z=1337.706) RuntimeBounds:IsValid=true, Min=(X=2900.000 Y=4604.270 Z=-262.294), Max=(X=3000.000 Y=5204.270 Z=1337.706) RuntimeGrid:None EditorOnly:false RuntimeOnly:false HLODRelevant:true ListedInSceneOutliner:true IsMainWorldOnly:false FolderPath:Playground FolderGuid:6C02BB504B69D1F3D7A624B130C18E5B
 |   |   |- [+] [ 20]
 |   |   |   |- Guid:C0C56B9644AE3D40CAFF6A878DB29844 NativeClass:/Script/Engine.StaticMeshActor Name:StaticMeshActor_UAID_A4AE111137DC5EFB00_2001720423 Label:SM_SkySphere SpatiallyLoaded:false EditorBounds:IsValid=true, Min=(X=-1638400.000 Y=-1654784.000 Z=-1638400.000), Max=(X=1638400.000 Y=1654784.000 Z=1638400.000) RuntimeBounds:IsValid=true, Min=(X=-1638400.000 Y=-1654784.000 Z=-1638400.000), Max=(X=1638400.000 Y=1654784.000 Z=1638400.000) RuntimeGrid:None EditorOnly:false RuntimeOnly:false HLODRelevant:false ListedInSceneOutliner:true IsMainWorldOnly:false FolderPath:Lighting FolderGuid:0BA5F0A04EADB18E70D5B180D08FA34B
 |   |   |- [+] [ 21]
 |   |   |   |- Guid:C22CE07C4B87D685137FDBBC10FC92C6 NativeClass:/Script/Engine.SkyAtmosphere Name:SkyAtmosphere_0 Label:SkyAtmosphere SpatiallyLoaded:false EditorBounds:IsValid=true, Min=(X=-128.000 Y=-128.000 Z=892.000), Max=(X=240.000 Y=128.000 Z=1148.000) RuntimeBounds:IsValid=true, Min=(X=0.000 Y=0.000 Z=1020.000), Max=(X=0.000 Y=0.000 Z=1020.000) RuntimeGrid:None EditorOnly:false RuntimeOnly:false HLODRelevant:false ListedInSceneOutliner:true IsMainWorldOnly:false FolderPath:Lighting FolderGuid:0BA5F0A04EADB18E70D5B180D08FA34B
 |   |   |- [+] [ 22]
 |   |   |   |- Guid:C6A3B2C845C72FDEBC9667B6D27DAC14 NativeClass:/Script/Engine.StaticMeshActor Name:StaticMeshActor_UAID_08BFB8BDEB54F89802_2039078656 Label:SM_Cube8 SpatiallyLoaded:true EditorBounds:IsValid=true, Min=(X=-692.773 Y=-0.000 Z=400.640), Max=(X=-592.773 Y=5025.000 Z=1325.640) RuntimeBounds:IsValid=true, Min=(X=-692.773 Y=-0.000 Z=400.640), Max=(X=-592.773 Y=5025.000 Z=1325.640) RuntimeGrid:None EditorOnly:false RuntimeOnly:false HLODRelevant:true ListedInSceneOutliner:true IsMainWorldOnly:false FolderPath:Playground FolderGuid:6C02BB504B69D1F3D7A624B130C18E5B
 |   |   |- [+] [ 23]
 |   |   |   |- Guid:CE8D82634660FCDB3120E2B8D547C533 NativeClass:/Script/Engine.PostProcessVolume Name:PostProcessVolume_0 Label:PostProcessVolume SpatiallyLoaded:false EditorBounds:IsValid=true, Min=(X=0.000 Y=0.000 Z=400.000), Max=(X=200.000 Y=200.000 Z=600.000) RuntimeBounds:IsValid=true, Min=(X=0.000 Y=0.000 Z=400.000), Max=(X=200.000 Y=200.000 Z=600.000) RuntimeGrid:None EditorOnly:false RuntimeOnly:false HLODRelevant:false ListedInSceneOutliner:true IsMainWorldOnly:false FolderPath:Lighting FolderGuid:0BA5F0A04EADB18E70D5B180D08FA34B
 |   |   |- [+] [ 24]
 |   |   |   |- Guid:E5320C1B4FD9764CE7B54D8487AEC613 NativeClass:/Script/Engine.SkyLight Name:SkyLight_0 Label:SkyLight SpatiallyLoaded:false EditorBounds:IsValid=true, Min=(X=-1.000 Y=-1.000 Z=-1.000), Max=(X=1.000 Y=1.000 Z=690.000) RuntimeBounds:IsValid=true, Min=(X=0.000 Y=0.000 Z=690.000), Max=(X=0.000 Y=0.000 Z=690.000) RuntimeGrid:None EditorOnly:false RuntimeOnly:false HLODRelevant:false ListedInSceneOutliner:true IsMainWorldOnly:false FolderPath:Lighting FolderGuid:0BA5F0A04EADB18E70D5B180D08FA34B
 |   |   |- [+] [ 25]
 |   |   |   |- Guid:F80621C9446867154938FE81375207DA NativeClass:/Script/Engine.DirectionalLight Name:DirectionalLight_1 Label:DirectionalLight SpatiallyLoaded:false EditorBounds:IsValid=false, Min=(X=0.000 Y=0.000 Z=0.000), Max=(X=0.000 Y=0.000 Z=0.000) RuntimeBounds:IsValid=false, Min=(X=0.000 Y=0.000 Z=0.000), Max=(X=0.000 Y=0.000 Z=0.000) RuntimeGrid:None EditorOnly:false RuntimeOnly:false HLODRelevant:false ListedInSceneOutliner:true IsMainWorldOnly:false FolderPath:Lighting FolderGuid:0BA5F0A04EADB18E70D5B180D08FA34B
 |- ContainerInstances:
 |- [+] MainContainer:
 |   |-        ID: 00000000000000000000000000000000
 |   |-  ParentID: 00000000000000000000000000000000
 |   |-    Bounds: IsValid=false, Min=(X=0.000 Y=0.000 Z=0.000), Max=(X=0.000 Y=0.000 Z=0.000)
 |   |- Transform: 0.000000,0.000000,0.000000|0.000000,0.000000,-0.000000|1.000000,1.000000,1.000000
 |   |- Container: /Game/LVLS/FirstPersonMap
----------------------------------------------------------------------------------------------------------------
FirstPersonMap - Persistent Level
----------------------------------------------------------------------------------------------------------------
[+] Content of FirstPersonMap Persistent Level
 |- Always loaded Actor Count: 26 
 |- Actor Path: /Game/LVLS/FirstPersonMap.FirstPersonMap:PersistentLevel.DirectionalLight_1
 |- Actor Package: /Game/__ExternalActors__/LVLS/FirstPersonMap/4/WV/VVYYBQRZJUUW365BIWHNYC
 |- Actor Path: /Game/LVLS/FirstPersonMap.FirstPersonMap:PersistentLevel.ExponentialHeightFog_0
 |- Actor Package: /Game/__ExternalActors__/LVLS/FirstPersonMap/7/4K/QKVRHR9J4WOFZLCHF5INAD
 |- Actor Path: /Game/LVLS/FirstPersonMap.FirstPersonMap:PersistentLevel.PlayerStart_0
 |- Actor Package: /Game/__ExternalActors__/LVLS/FirstPersonMap/A/94/EQ42SNSWRKIOXHBNOXFR4F
 |- Actor Path: /Game/LVLS/FirstPersonMap.FirstPersonMap:PersistentLevel.PostProcessVolume_0
 |- Actor Package: /Game/__ExternalActors__/LVLS/FirstPersonMap/C/10/DQEUOR78RS0YAZ997G7LS1
 |- Actor Path: /Game/LVLS/FirstPersonMap.FirstPersonMap:PersistentLevel.SkyAtmosphere_0
 |- Actor Package: /Game/__ExternalActors__/LVLS/FirstPersonMap/1/UD/EBREJFLI40AHT3WF1FV41W
 |- Actor Path: /Game/LVLS/FirstPersonMap.FirstPersonMap:PersistentLevel.SkyLight_0
 |- Actor Package: /Game/__ExternalActors__/LVLS/FirstPersonMap/3/AY/M71ZOD9BF7F7JMVHRYZF70
 |- Actor Path: /Game/LVLS/FirstPersonMap.FirstPersonMap:PersistentLevel.StaticMeshActor_0
 |- Actor Package: /Game/__ExternalActors__/LVLS/FirstPersonMap/E/ZK/71ES1URXZ1R3RHPOC4ZPSE
 |- Actor Path: /Game/LVLS/FirstPersonMap.FirstPersonMap:PersistentLevel.StaticMeshActor_10
 |- Actor Package: /Game/__ExternalActors__/LVLS/FirstPersonMap/5/MP/BAI1O7IHYOLGS39PGOMUCM
 |- Actor Path: /Game/LVLS/FirstPersonMap.FirstPersonMap:PersistentLevel.StaticMeshActor_3
 |- Actor Package: /Game/__ExternalActors__/LVLS/FirstPersonMap/C/X5/0HQHGELNESTJP1BWIMWXR4
 |- Actor Path: /Game/LVLS/FirstPersonMap.FirstPersonMap:PersistentLevel.StaticMeshActor_9
 |- Actor Package: /Game/__ExternalActors__/LVLS/FirstPersonMap/A/RL/3J380SQTL8CCD4JNRFL80N
 |- Actor Path: /Game/LVLS/FirstPersonMap.FirstPersonMap:PersistentLevel.StaticMeshActor_UAID_08BFB8BDEB54239802_1323199167
 |- Actor Package: /Game/__ExternalActors__/LVLS/FirstPersonMap/6/T2/95OQ5N4SFRSX9TVKVNDKOG
 |- Actor Path: /Game/LVLS/FirstPersonMap.FirstPersonMap:PersistentLevel.StaticMeshActor_UAID_08BFB8BDEB54679902_1356683191
 |- Actor Package: /Game/__ExternalActors__/LVLS/FirstPersonMap/2/1X/XXRM1DWBVI2Q18AXI9RLIO
 |- Actor Path: /Game/LVLS/FirstPersonMap.FirstPersonMap:PersistentLevel.StaticMeshActor_UAID_08BFB8BDEB54679902_1404934192
 |- Actor Package: /Game/__ExternalActors__/LVLS/FirstPersonMap/2/NG/QBL6RCP7B0WSUZKDG6R8T7
 |- Actor Path: /Game/LVLS/FirstPersonMap.FirstPersonMap:PersistentLevel.StaticMeshActor_UAID_08BFB8BDEB54F89802_2026637655
 |- Actor Package: /Game/__ExternalActors__/LVLS/FirstPersonMap/E/P5/DWWNFNCNMPD8CPCNZIVC43
 |- Actor Path: /Game/LVLS/FirstPersonMap.FirstPersonMap:PersistentLevel.StaticMeshActor_UAID_08BFB8BDEB54F89802_2039078656
 |- Actor Package: /Game/__ExternalActors__/LVLS/FirstPersonMap/7/9U/4TV89D19R9EY2P98H2PO5V
 |- Actor Path: /Game/LVLS/FirstPersonMap.FirstPersonMap:PersistentLevel.StaticMeshActor_UAID_08BFB8BDEB54F89802_2126055657
 |- Actor Package: /Game/__ExternalActors__/LVLS/FirstPersonMap/7/1L/FJTWLELW2UAXEHFSKT9LH0
 |- Actor Path: /Game/LVLS/FirstPersonMap.FirstPersonMap:PersistentLevel.StaticMeshActor_UAID_08BFB8BDEB54F99802_1088612834
 |- Actor Package: /Game/__ExternalActors__/LVLS/FirstPersonMap/3/M4/617BE9UEW32CWXICTX3BR1
 |- Actor Path: /Game/LVLS/FirstPersonMap.FirstPersonMap:PersistentLevel.StaticMeshActor_UAID_08BFB8BDEB54F99802_1284763835
 |- Actor Package: /Game/__ExternalActors__/LVLS/FirstPersonMap/B/DE/7TDUADZZJTXQWKGM8851P9
 |- Actor Path: /Game/LVLS/FirstPersonMap.FirstPersonMap:PersistentLevel.StaticMeshActor_UAID_08BFB8BDEB54F99802_1321392836
 |- Actor Package: /Game/__ExternalActors__/LVLS/FirstPersonMap/7/4R/9PQ96MD7R9ABZN6JSRR5L6
 |- Actor Path: /Game/LVLS/FirstPersonMap.FirstPersonMap:PersistentLevel.StaticMeshActor_UAID_08BFB8BDEB54F99802_1341726837
 |- Actor Package: /Game/__ExternalActors__/LVLS/FirstPersonMap/3/PE/R9QZPDF5307CV4LXGR2KYF
 |- Actor Path: /Game/LVLS/FirstPersonMap.FirstPersonMap:PersistentLevel.StaticMeshActor_UAID_08BFB8BDEB54F99802_1395548838
 |- Actor Package: /Game/__ExternalActors__/LVLS/FirstPersonMap/E/Q3/MP2FYAN16CAZB6WCPJ7PXE
 |- Actor Path: /Game/LVLS/FirstPersonMap.FirstPersonMap:PersistentLevel.StaticMeshActor_UAID_08BFB8BDEB54F99802_1470786839
 |- Actor Package: /Game/__ExternalActors__/LVLS/FirstPersonMap/5/OY/T7AMRNRMUDX6F5VSIS12FL
 |- Actor Path: /Game/LVLS/FirstPersonMap.FirstPersonMap:PersistentLevel.StaticMeshActor_UAID_A4AE111137DC5EFB00_2001720423
 |- Actor Package: /Game/__ExternalActors__/LVLS/FirstPersonMap/7/9V/O8S58EKNGQ66L4468E7L87
 |- Actor Path: /Game/LVLS/FirstPersonMap.FirstPersonMap:PersistentLevel.TextRenderActor_1
 |- Actor Package: /Game/__ExternalActors__/LVLS/FirstPersonMap/A/Q9/M6EDR2D50AQZX79GFT3ZQ9
 |- Actor Path: /Game/LVLS/FirstPersonMap.FirstPersonMap:PersistentLevel.VolumetricCloud_0
 |- Actor Package: /Game/__ExternalActors__/LVLS/FirstPersonMap/A/YX/545145UL1W0JXKV9S7TMQP
 |- Actor Path: /Game/LVLS/FirstPersonMap.FirstPersonMap:PersistentLevel.WorldDataLayers
 |- Actor Package: /Game/__ExternalActors__/LVLS/FirstPersonMap/B/F1/09K9GKW5RHA32KL65FJW8K

----------------------------------------------------------------------------------------------------------------
FirstPersonMap - Runtime Hash Set
----------------------------------------------------------------------------------------------------------------

