[+] Containers:
 |- [+] Container: /Game/LVLS/FirstPersonMap
 |   |- [+] ActorDescs:
 |   |   |- Guid:05A730094732622CCAEADDB80209343A NativeClass:/Script/Engine.StaticMeshActor Name:StaticMeshActor_UAID_047C16C17B56A39D02_1237894983 Label:SM_Cube15 SpatiallyLoaded:true EditorBounds:IsValid=true, Min=(X=195.000 Y=17380.000 Z=-1142.294), Max=(X=2120.000 Y=19805.000 Z=407.706) RuntimeBounds:IsValid=true, Min=(X=195.000 Y=17380.000 Z=-1142.294), Max=(X=2120.000 Y=19805.000 Z=407.706) RuntimeGrid:None EditorOnly:false RuntimeOnly:false HLODRelevant:true ListedInSceneOutliner:true IsMainWorldOnly:false FolderPath:Playground FolderGuid:6C02BB504B69D1F3D7A624B130C18E5B
 |   |   |- Guid:0D0A6BB54C3FC23551588C950B943F06 NativeClass:/Script/Engine.StaticMeshActor Name:StaticMeshActor_UAID_047C16C17B56A39D02_1195358981 Label:SM_Cube13 SpatiallyLoaded:true EditorBounds:IsValid=true, Min=(X=-615.000 Y=10630.000 Z=-862.294), Max=(X=1310.000 Y=19380.000 Z=6337.706) RuntimeBounds:IsValid=true, Min=(X=-615.000 Y=10630.000 Z=-862.294), Max=(X=1310.000 Y=19380.000 Z=6337.706) RuntimeGrid:None EditorOnly:false RuntimeOnly:false HLODRelevant:true ListedInSceneOutliner:true IsMainWorldOnly:false FolderPath:Playground FolderGuid:6C02BB504B69D1F3D7A624B130C18E5B
 |   |   |- Guid:0EDB289B45CB7E0977A6DBA74201EE76 NativeClass:/Script/Engine.StaticMeshActor Name:StaticMeshActor_10 Label:SM_Cube6 SpatiallyLoaded:true EditorBounds:IsValid=true, Min=(X=1075.000 Y=100.000 Z=-43.816), Max=(X=3000.000 Y=2025.000 Z=6231.184) RuntimeBounds:IsValid=true, Min=(X=1075.000 Y=100.000 Z=-43.816), Max=(X=3000.000 Y=2025.000 Z=6231.184) RuntimeGrid:None EditorOnly:false RuntimeOnly:false HLODRelevant:true ListedInSceneOutliner:true IsMainWorldOnly:false FolderPath:Playground FolderGuid:6C02BB504B69D1F3D7A624B130C18E5B
 |   |   |- Guid:245F998B4766E238CEAA88BB14E17A2C NativeClass:/Script/Engine.StaticMeshActor Name:StaticMeshActor_UAID_047C16C17B56A19D02_1585712628 Label:SM_Cube12 SpatiallyLoaded:true EditorBounds:IsValid=true, Min=(X=3605.000 Y=11090.000 Z=-862.294), Max=(X=5530.000 Y=13015.000 Z=687.706) RuntimeBounds:IsValid=true, Min=(X=3605.000 Y=11090.000 Z=-862.294), Max=(X=5530.000 Y=13015.000 Z=687.706) RuntimeGrid:None EditorOnly:false RuntimeOnly:false HLODRelevant:true ListedInSceneOutliner:true IsMainWorldOnly:false FolderPath:Playground FolderGuid:6C02BB504B69D1F3D7A624B130C18E5B
 |   |   |- Guid:27B36AD445D632A06B6F9F95CA2245F9 NativeClass:/Script/Engine.StaticMeshActor Name:StaticMeshActor_UAID_047C16C17B56A19D02_1572472627 Label:SM_Cube11 SpatiallyLoaded:true EditorBounds:IsValid=true, Min=(X=3605.000 Y=14070.000 Z=-862.294), Max=(X=5530.000 Y=15995.000 Z=1312.706) RuntimeBounds:IsValid=true, Min=(X=3605.000 Y=14070.000 Z=-862.294), Max=(X=5530.000 Y=15995.000 Z=1312.706) RuntimeGrid:None EditorOnly:false RuntimeOnly:false HLODRelevant:true ListedInSceneOutliner:true IsMainWorldOnly:false FolderPath:Playground FolderGuid:6C02BB504B69D1F3D7A624B130C18E5B
 |   |   |- Guid:336FC1BE417475A9831C02BD256959B0 NativeClass:/Script/Engine.StaticMeshActor Name:StaticMeshActor_UAID_047C16C17B56A39D02_1253126984 Label:SM_Cube16 SpatiallyLoaded:true EditorBounds:IsValid=true, Min=(X=3600.000 Y=16000.000 Z=-862.294), Max=(X=6350.000 Y=18750.000 Z=2937.706) RuntimeBounds:IsValid=true, Min=(X=3600.000 Y=16000.000 Z=-862.294), Max=(X=6350.000 Y=18750.000 Z=2937.706) RuntimeGrid:None EditorOnly:false RuntimeOnly:false HLODRelevant:true ListedInSceneOutliner:true IsMainWorldOnly:false FolderPath:Playground FolderGuid:6C02BB504B69D1F3D7A624B130C18E5B
 |   |   |- Guid:3FFBDB1746EDA7E9F7A03D8ED1106693 NativeClass:/Script/Engine.StaticMeshActor Name:StaticMeshActor_UAID_047C16C17B56A19D02_1521563625 Label:SM_Cube9 SpatiallyLoaded:true EditorBounds:IsValid=true, Min=(X=1095.000 Y=7930.000 Z=-862.294), Max=(X=3020.000 Y=9855.000 Z=687.706) RuntimeBounds:IsValid=true, Min=(X=1095.000 Y=7930.000 Z=-862.294), Max=(X=3020.000 Y=9855.000 Z=687.706) RuntimeGrid:None EditorOnly:false RuntimeOnly:false HLODRelevant:true ListedInSceneOutliner:true IsMainWorldOnly:false FolderPath:Playground FolderGuid:6C02BB504B69D1F3D7A624B130C18E5B
 |   |   |- Guid:519BCC91488954D142107EA39E299599 NativeClass:/Script/Engine.StaticMeshActor Name:StaticMeshActor_UAID_047C16C17B56A19D02_1563406626 Label:SM_Cube10 SpatiallyLoaded:true EditorBounds:IsValid=true, Min=(X=3595.000 Y=11080.000 Z=-862.294), Max=(X=5520.000 Y=13005.000 Z=687.706) RuntimeBounds:IsValid=true, Min=(X=3595.000 Y=11080.000 Z=-862.294), Max=(X=5520.000 Y=13005.000 Z=687.706) RuntimeGrid:None EditorOnly:false RuntimeOnly:false HLODRelevant:true ListedInSceneOutliner:true IsMainWorldOnly:false FolderPath:Playground FolderGuid:6C02BB504B69D1F3D7A624B130C18E5B
 |   |   |- Guid:5FE7584649BB6F09265329A6C57CFD0D NativeClass:/Script/Engine.VolumetricCloud Name:VolumetricCloud_0 Label:VolumetricCloud SpatiallyLoaded:false EditorBounds:IsValid=true, Min=(X=-128.000 Y=-128.000 Z=692.000), Max=(X=128.000 Y=128.000 Z=948.000) RuntimeBounds:IsValid=true, Min=(X=0.000 Y=0.000 Z=820.000), Max=(X=0.000 Y=0.000 Z=820.000) RuntimeGrid:None EditorOnly:false RuntimeOnly:false HLODRelevant:false ListedInSceneOutliner:true IsMainWorldOnly:false FolderPath:Lighting FolderGuid:0BA5F0A04EADB18E70D5B180D08FA34B
 |   |   |- Guid:61391D344900612A77DFC3BA3E354907 NativeClass:/Script/Engine.ExponentialHeightFog Name:ExponentialHeightFog_0 Label:ExponentialHeightFog SpatiallyLoaded:false EditorBounds:IsValid=true, Min=(X=-5728.000 Y=-178.000 Z=-6978.000), Max=(X=-5472.000 Y=78.000 Z=-6722.000) RuntimeBounds:IsValid=true, Min=(X=-5600.000 Y=-50.000 Z=-6850.000), Max=(X=-5600.000 Y=-50.000 Z=-6850.000) RuntimeGrid:None EditorOnly:false RuntimeOnly:false HLODRelevant:false ListedInSceneOutliner:true IsMainWorldOnly:false FolderPath:Lighting FolderGuid:0BA5F0A04EADB18E70D5B180D08FA34B
 |   |   |- Guid:6FEFB3BD4EB37B849EF0D4AC80F83855 NativeClass:/Script/Engine.WorldDataLayers Name:WorldDataLayers Label:WorldDataLayers SpatiallyLoaded:false EditorBounds:IsValid=false, Min=(X=0.000 Y=0.000 Z=0.000), Max=(X=0.000 Y=0.000 Z=0.000) RuntimeBounds:IsValid=false, Min=(X=0.000 Y=0.000 Z=0.000), Max=(X=0.000 Y=0.000 Z=0.000) RuntimeGrid:None EditorOnly:false RuntimeOnly:false HLODRelevant:false ListedInSceneOutliner:true IsMainWorldOnly:true
 |   |   |- Guid:7C90985F422BA70308BEFD8BDF8BA930 NativeClass:/Script/Engine.StaticMeshActor Name:StaticMeshActor_UAID_047C16C17B56A39D02_1229192982 Label:SM_Cube14 SpatiallyLoaded:true EditorBounds:IsValid=true, Min=(X=185.000 Y=12840.000 Z=-1142.294), Max=(X=2110.000 Y=14765.000 Z=407.706) RuntimeBounds:IsValid=true, Min=(X=185.000 Y=12840.000 Z=-1142.294), Max=(X=2110.000 Y=14765.000 Z=407.706) RuntimeGrid:None EditorOnly:false RuntimeOnly:false HLODRelevant:true ListedInSceneOutliner:true IsMainWorldOnly:false FolderPath:Playground FolderGuid:6C02BB504B69D1F3D7A624B130C18E5B
 |   |   |- Guid:8DCE25884513BFF0E538F7ADD27E01C7 NativeClass:/Script/Engine.StaticMeshActor Name:StaticMeshActor_UAID_047C16C17B56A19D02_1442169624 Label:SM_Cube8 SpatiallyLoaded:true EditorBounds:IsValid=true, Min=(X=1095.000 Y=4519.697 Z=-182.294), Max=(X=3020.000 Y=8340.228 Z=5362.503) RuntimeBounds:IsValid=true, Min=(X=1095.000 Y=4519.697 Z=-182.294), Max=(X=3020.000 Y=8340.228 Z=5362.503) RuntimeGrid:None EditorOnly:false RuntimeOnly:false HLODRelevant:true ListedInSceneOutliner:true IsMainWorldOnly:false FolderPath:Playground FolderGuid:6C02BB504B69D1F3D7A624B130C18E5B
 |   |   |- Guid:9F98EA224B3BA5403385CD9A57577974 NativeClass:/Script/Engine.StaticMeshActor Name:StaticMeshActor_UAID_047C16C17B56A19D02_1152092623 Label:SM_Cube7 SpatiallyLoaded:true EditorBounds:IsValid=true, Min=(X=1085.000 Y=3040.000 Z=-862.294), Max=(X=3010.000 Y=4965.000 Z=5412.706) RuntimeBounds:IsValid=true, Min=(X=1085.000 Y=3040.000 Z=-862.294), Max=(X=3010.000 Y=4965.000 Z=5412.706) RuntimeGrid:None EditorOnly:false RuntimeOnly:false HLODRelevant:true ListedInSceneOutliner:true IsMainWorldOnly:false FolderPath:Playground FolderGuid:6C02BB504B69D1F3D7A624B130C18E5B
 |   |   |- Guid:A354B1B24E617A525DC6B48CCDE2417E NativeClass:/Script/Engine.PlayerStart Name:PlayerStart_0 Label:PlayerStart SpatiallyLoaded:false EditorBounds:IsValid=true, Min=(X=1628.800 Y=1064.887 Z=6214.013), Max=(X=1884.800 Y=1432.887 Z=6470.013) RuntimeBounds:IsValid=true, Min=(X=1716.800 Y=1152.887 Z=6250.013), Max=(X=1796.800 Y=1232.887 Z=6434.013) RuntimeGrid:None EditorOnly:false RuntimeOnly:false HLODRelevant:false ListedInSceneOutliner:true IsMainWorldOnly:false
 |   |   |- Guid:C0C56B9644AE3D40CAFF6A878DB29844 NativeClass:/Script/Engine.StaticMeshActor Name:StaticMeshActor_UAID_A4AE111137DC5EFB00_2001720423 Label:SM_SkySphere SpatiallyLoaded:false EditorBounds:IsValid=true, Min=(X=-1638400.000 Y=-1654784.000 Z=-1638400.000), Max=(X=1638400.000 Y=1654784.000 Z=1638400.000) RuntimeBounds:IsValid=true, Min=(X=-1638400.000 Y=-1654784.000 Z=-1638400.000), Max=(X=1638400.000 Y=1654784.000 Z=1638400.000) RuntimeGrid:None EditorOnly:false RuntimeOnly:false HLODRelevant:false ListedInSceneOutliner:true IsMainWorldOnly:false FolderPath:Lighting FolderGuid:0BA5F0A04EADB18E70D5B180D08FA34B
 |   |   |- Guid:C22CE07C4B87D685137FDBBC10FC92C6 NativeClass:/Script/Engine.SkyAtmosphere Name:SkyAtmosphere_0 Label:SkyAtmosphere SpatiallyLoaded:false EditorBounds:IsValid=true, Min=(X=-128.000 Y=-128.000 Z=892.000), Max=(X=240.000 Y=128.000 Z=1148.000) RuntimeBounds:IsValid=true, Min=(X=0.000 Y=0.000 Z=1020.000), Max=(X=0.000 Y=0.000 Z=1020.000) RuntimeGrid:None EditorOnly:false RuntimeOnly:false HLODRelevant:false ListedInSceneOutliner:true IsMainWorldOnly:false FolderPath:Lighting FolderGuid:0BA5F0A04EADB18E70D5B180D08FA34B
 |   |   |- Guid:CE8D82634660FCDB3120E2B8D547C533 NativeClass:/Script/Engine.PostProcessVolume Name:PostProcessVolume_0 Label:PostProcessVolume SpatiallyLoaded:false EditorBounds:IsValid=true, Min=(X=0.000 Y=0.000 Z=400.000), Max=(X=200.000 Y=200.000 Z=600.000) RuntimeBounds:IsValid=true, Min=(X=0.000 Y=0.000 Z=400.000), Max=(X=200.000 Y=200.000 Z=600.000) RuntimeGrid:None EditorOnly:false RuntimeOnly:false HLODRelevant:false ListedInSceneOutliner:true IsMainWorldOnly:false FolderPath:Lighting FolderGuid:0BA5F0A04EADB18E70D5B180D08FA34B
 |   |   |- Guid:E5320C1B4FD9764CE7B54D8487AEC613 NativeClass:/Script/Engine.SkyLight Name:SkyLight_0 Label:SkyLight SpatiallyLoaded:false EditorBounds:IsValid=true, Min=(X=-1.000 Y=-1.000 Z=-1.000), Max=(X=1.000 Y=1.000 Z=690.000) RuntimeBounds:IsValid=true, Min=(X=0.000 Y=0.000 Z=690.000), Max=(X=0.000 Y=0.000 Z=690.000) RuntimeGrid:None EditorOnly:false RuntimeOnly:false HLODRelevant:false ListedInSceneOutliner:true IsMainWorldOnly:false FolderPath:Lighting FolderGuid:0BA5F0A04EADB18E70D5B180D08FA34B
 |   |   |- Guid:F80621C9446867154938FE81375207DA NativeClass:/Script/Engine.DirectionalLight Name:DirectionalLight_1 Label:DirectionalLight SpatiallyLoaded:false EditorBounds:IsValid=false, Min=(X=0.000 Y=0.000 Z=0.000), Max=(X=0.000 Y=0.000 Z=0.000) RuntimeBounds:IsValid=false, Min=(X=0.000 Y=0.000 Z=0.000), Max=(X=0.000 Y=0.000 Z=0.000) RuntimeGrid:None EditorOnly:false RuntimeOnly:false HLODRelevant:false ListedInSceneOutliner:true IsMainWorldOnly:false FolderPath:Lighting FolderGuid:0BA5F0A04EADB18E70D5B180D08FA34B
 |   |- [+] Clusters:
 |   |   |- [+] [  0]
 |   |   |   |- Guid:05A730094732622CCAEADDB80209343A NativeClass:/Script/Engine.StaticMeshActor Name:StaticMeshActor_UAID_047C16C17B56A39D02_1237894983 Label:SM_Cube15 SpatiallyLoaded:true EditorBounds:IsValid=true, Min=(X=195.000 Y=17380.000 Z=-1142.294), Max=(X=2120.000 Y=19805.000 Z=407.706) RuntimeBounds:IsValid=true, Min=(X=195.000 Y=17380.000 Z=-1142.294), Max=(X=2120.000 Y=19805.000 Z=407.706) RuntimeGrid:None EditorOnly:false RuntimeOnly:false HLODRelevant:true ListedInSceneOutliner:true IsMainWorldOnly:false FolderPath:Playground FolderGuid:6C02BB504B69D1F3D7A624B130C18E5B
 |   |   |- [+] [  1]
 |   |   |   |- Guid:0D0A6BB54C3FC23551588C950B943F06 NativeClass:/Script/Engine.StaticMeshActor Name:StaticMeshActor_UAID_047C16C17B56A39D02_1195358981 Label:SM_Cube13 SpatiallyLoaded:true EditorBounds:IsValid=true, Min=(X=-615.000 Y=10630.000 Z=-862.294), Max=(X=1310.000 Y=19380.000 Z=6337.706) RuntimeBounds:IsValid=true, Min=(X=-615.000 Y=10630.000 Z=-862.294), Max=(X=1310.000 Y=19380.000 Z=6337.706) RuntimeGrid:None EditorOnly:false RuntimeOnly:false HLODRelevant:true ListedInSceneOutliner:true IsMainWorldOnly:false FolderPath:Playground FolderGuid:6C02BB504B69D1F3D7A624B130C18E5B
 |   |   |- [+] [  2]
 |   |   |   |- Guid:0EDB289B45CB7E0977A6DBA74201EE76 NativeClass:/Script/Engine.StaticMeshActor Name:StaticMeshActor_10 Label:SM_Cube6 SpatiallyLoaded:true EditorBounds:IsValid=true, Min=(X=1075.000 Y=100.000 Z=-43.816), Max=(X=3000.000 Y=2025.000 Z=6231.184) RuntimeBounds:IsValid=true, Min=(X=1075.000 Y=100.000 Z=-43.816), Max=(X=3000.000 Y=2025.000 Z=6231.184) RuntimeGrid:None EditorOnly:false RuntimeOnly:false HLODRelevant:true ListedInSceneOutliner:true IsMainWorldOnly:false FolderPath:Playground FolderGuid:6C02BB504B69D1F3D7A624B130C18E5B
 |   |   |- [+] [  3]
 |   |   |   |- Guid:245F998B4766E238CEAA88BB14E17A2C NativeClass:/Script/Engine.StaticMeshActor Name:StaticMeshActor_UAID_047C16C17B56A19D02_1585712628 Label:SM_Cube12 SpatiallyLoaded:true EditorBounds:IsValid=true, Min=(X=3605.000 Y=11090.000 Z=-862.294), Max=(X=5530.000 Y=13015.000 Z=687.706) RuntimeBounds:IsValid=true, Min=(X=3605.000 Y=11090.000 Z=-862.294), Max=(X=5530.000 Y=13015.000 Z=687.706) RuntimeGrid:None EditorOnly:false RuntimeOnly:false HLODRelevant:true ListedInSceneOutliner:true IsMainWorldOnly:false FolderPath:Playground FolderGuid:6C02BB504B69D1F3D7A624B130C18E5B
 |   |   |- [+] [  4]
 |   |   |   |- Guid:27B36AD445D632A06B6F9F95CA2245F9 NativeClass:/Script/Engine.StaticMeshActor Name:StaticMeshActor_UAID_047C16C17B56A19D02_1572472627 Label:SM_Cube11 SpatiallyLoaded:true EditorBounds:IsValid=true, Min=(X=3605.000 Y=14070.000 Z=-862.294), Max=(X=5530.000 Y=15995.000 Z=1312.706) RuntimeBounds:IsValid=true, Min=(X=3605.000 Y=14070.000 Z=-862.294), Max=(X=5530.000 Y=15995.000 Z=1312.706) RuntimeGrid:None EditorOnly:false RuntimeOnly:false HLODRelevant:true ListedInSceneOutliner:true IsMainWorldOnly:false FolderPath:Playground FolderGuid:6C02BB504B69D1F3D7A624B130C18E5B
 |   |   |- [+] [  5]
 |   |   |   |- Guid:336FC1BE417475A9831C02BD256959B0 NativeClass:/Script/Engine.StaticMeshActor Name:StaticMeshActor_UAID_047C16C17B56A39D02_1253126984 Label:SM_Cube16 SpatiallyLoaded:true EditorBounds:IsValid=true, Min=(X=3600.000 Y=16000.000 Z=-862.294), Max=(X=6350.000 Y=18750.000 Z=2937.706) RuntimeBounds:IsValid=true, Min=(X=3600.000 Y=16000.000 Z=-862.294), Max=(X=6350.000 Y=18750.000 Z=2937.706) RuntimeGrid:None EditorOnly:false RuntimeOnly:false HLODRelevant:true ListedInSceneOutliner:true IsMainWorldOnly:false FolderPath:Playground FolderGuid:6C02BB504B69D1F3D7A624B130C18E5B
 |   |   |- [+] [  6]
 |   |   |   |- Guid:3FFBDB1746EDA7E9F7A03D8ED1106693 NativeClass:/Script/Engine.StaticMeshActor Name:StaticMeshActor_UAID_047C16C17B56A19D02_1521563625 Label:SM_Cube9 SpatiallyLoaded:true EditorBounds:IsValid=true, Min=(X=1095.000 Y=7930.000 Z=-862.294), Max=(X=3020.000 Y=9855.000 Z=687.706) RuntimeBounds:IsValid=true, Min=(X=1095.000 Y=7930.000 Z=-862.294), Max=(X=3020.000 Y=9855.000 Z=687.706) RuntimeGrid:None EditorOnly:false RuntimeOnly:false HLODRelevant:true ListedInSceneOutliner:true IsMainWorldOnly:false FolderPath:Playground FolderGuid:6C02BB504B69D1F3D7A624B130C18E5B
 |   |   |- [+] [  7]
 |   |   |   |- Guid:519BCC91488954D142107EA39E299599 NativeClass:/Script/Engine.StaticMeshActor Name:StaticMeshActor_UAID_047C16C17B56A19D02_1563406626 Label:SM_Cube10 SpatiallyLoaded:true EditorBounds:IsValid=true, Min=(X=3595.000 Y=11080.000 Z=-862.294), Max=(X=5520.000 Y=13005.000 Z=687.706) RuntimeBounds:IsValid=true, Min=(X=3595.000 Y=11080.000 Z=-862.294), Max=(X=5520.000 Y=13005.000 Z=687.706) RuntimeGrid:None EditorOnly:false RuntimeOnly:false HLODRelevant:true ListedInSceneOutliner:true IsMainWorldOnly:false FolderPath:Playground FolderGuid:6C02BB504B69D1F3D7A624B130C18E5B
 |   |   |- [+] [  8]
 |   |   |   |- Guid:5FE7584649BB6F09265329A6C57CFD0D NativeClass:/Script/Engine.VolumetricCloud Name:VolumetricCloud_0 Label:VolumetricCloud SpatiallyLoaded:false EditorBounds:IsValid=true, Min=(X=-128.000 Y=-128.000 Z=692.000), Max=(X=128.000 Y=128.000 Z=948.000) RuntimeBounds:IsValid=true, Min=(X=0.000 Y=0.000 Z=820.000), Max=(X=0.000 Y=0.000 Z=820.000) RuntimeGrid:None EditorOnly:false RuntimeOnly:false HLODRelevant:false ListedInSceneOutliner:true IsMainWorldOnly:false FolderPath:Lighting FolderGuid:0BA5F0A04EADB18E70D5B180D08FA34B
 |   |   |- [+] [  9]
 |   |   |   |- Guid:61391D344900612A77DFC3BA3E354907 NativeClass:/Script/Engine.ExponentialHeightFog Name:ExponentialHeightFog_0 Label:ExponentialHeightFog SpatiallyLoaded:false EditorBounds:IsValid=true, Min=(X=-5728.000 Y=-178.000 Z=-6978.000), Max=(X=-5472.000 Y=78.000 Z=-6722.000) RuntimeBounds:IsValid=true, Min=(X=-5600.000 Y=-50.000 Z=-6850.000), Max=(X=-5600.000 Y=-50.000 Z=-6850.000) RuntimeGrid:None EditorOnly:false RuntimeOnly:false HLODRelevant:false ListedInSceneOutliner:true IsMainWorldOnly:false FolderPath:Lighting FolderGuid:0BA5F0A04EADB18E70D5B180D08FA34B
 |   |   |- [+] [ 10]
 |   |   |   |- Guid:6FEFB3BD4EB37B849EF0D4AC80F83855 NativeClass:/Script/Engine.WorldDataLayers Name:WorldDataLayers Label:WorldDataLayers SpatiallyLoaded:false EditorBounds:IsValid=false, Min=(X=0.000 Y=0.000 Z=0.000), Max=(X=0.000 Y=0.000 Z=0.000) RuntimeBounds:IsValid=false, Min=(X=0.000 Y=0.000 Z=0.000), Max=(X=0.000 Y=0.000 Z=0.000) RuntimeGrid:None EditorOnly:false RuntimeOnly:false HLODRelevant:false ListedInSceneOutliner:true IsMainWorldOnly:true
 |   |   |- [+] [ 11]
 |   |   |   |- Guid:7C90985F422BA70308BEFD8BDF8BA930 NativeClass:/Script/Engine.StaticMeshActor Name:StaticMeshActor_UAID_047C16C17B56A39D02_1229192982 Label:SM_Cube14 SpatiallyLoaded:true EditorBounds:IsValid=true, Min=(X=185.000 Y=12840.000 Z=-1142.294), Max=(X=2110.000 Y=14765.000 Z=407.706) RuntimeBounds:IsValid=true, Min=(X=185.000 Y=12840.000 Z=-1142.294), Max=(X=2110.000 Y=14765.000 Z=407.706) RuntimeGrid:None EditorOnly:false RuntimeOnly:false HLODRelevant:true ListedInSceneOutliner:true IsMainWorldOnly:false FolderPath:Playground FolderGuid:6C02BB504B69D1F3D7A624B130C18E5B
 |   |   |- [+] [ 12]
 |   |   |   |- Guid:8DCE25884513BFF0E538F7ADD27E01C7 NativeClass:/Script/Engine.StaticMeshActor Name:StaticMeshActor_UAID_047C16C17B56A19D02_1442169624 Label:SM_Cube8 SpatiallyLoaded:true EditorBounds:IsValid=true, Min=(X=1095.000 Y=4519.697 Z=-182.294), Max=(X=3020.000 Y=8340.228 Z=5362.503) RuntimeBounds:IsValid=true, Min=(X=1095.000 Y=4519.697 Z=-182.294), Max=(X=3020.000 Y=8340.228 Z=5362.503) RuntimeGrid:None EditorOnly:false RuntimeOnly:false HLODRelevant:true ListedInSceneOutliner:true IsMainWorldOnly:false FolderPath:Playground FolderGuid:6C02BB504B69D1F3D7A624B130C18E5B
 |   |   |- [+] [ 13]
 |   |   |   |- Guid:9F98EA224B3BA5403385CD9A57577974 NativeClass:/Script/Engine.StaticMeshActor Name:StaticMeshActor_UAID_047C16C17B56A19D02_1152092623 Label:SM_Cube7 SpatiallyLoaded:true EditorBounds:IsValid=true, Min=(X=1085.000 Y=3040.000 Z=-862.294), Max=(X=3010.000 Y=4965.000 Z=5412.706) RuntimeBounds:IsValid=true, Min=(X=1085.000 Y=3040.000 Z=-862.294), Max=(X=3010.000 Y=4965.000 Z=5412.706) RuntimeGrid:None EditorOnly:false RuntimeOnly:false HLODRelevant:true ListedInSceneOutliner:true IsMainWorldOnly:false FolderPath:Playground FolderGuid:6C02BB504B69D1F3D7A624B130C18E5B
 |   |   |- [+] [ 14]
 |   |   |   |- Guid:A354B1B24E617A525DC6B48CCDE2417E NativeClass:/Script/Engine.PlayerStart Name:PlayerStart_0 Label:PlayerStart SpatiallyLoaded:false EditorBounds:IsValid=true, Min=(X=1628.800 Y=1064.887 Z=6214.013), Max=(X=1884.800 Y=1432.887 Z=6470.013) RuntimeBounds:IsValid=true, Min=(X=1716.800 Y=1152.887 Z=6250.013), Max=(X=1796.800 Y=1232.887 Z=6434.013) RuntimeGrid:None EditorOnly:false RuntimeOnly:false HLODRelevant:false ListedInSceneOutliner:true IsMainWorldOnly:false
 |   |   |- [+] [ 15]
 |   |   |   |- Guid:C0C56B9644AE3D40CAFF6A878DB29844 NativeClass:/Script/Engine.StaticMeshActor Name:StaticMeshActor_UAID_A4AE111137DC5EFB00_2001720423 Label:SM_SkySphere SpatiallyLoaded:false EditorBounds:IsValid=true, Min=(X=-1638400.000 Y=-1654784.000 Z=-1638400.000), Max=(X=1638400.000 Y=1654784.000 Z=1638400.000) RuntimeBounds:IsValid=true, Min=(X=-1638400.000 Y=-1654784.000 Z=-1638400.000), Max=(X=1638400.000 Y=1654784.000 Z=1638400.000) RuntimeGrid:None EditorOnly:false RuntimeOnly:false HLODRelevant:false ListedInSceneOutliner:true IsMainWorldOnly:false FolderPath:Lighting FolderGuid:0BA5F0A04EADB18E70D5B180D08FA34B
 |   |   |- [+] [ 16]
 |   |   |   |- Guid:C22CE07C4B87D685137FDBBC10FC92C6 NativeClass:/Script/Engine.SkyAtmosphere Name:SkyAtmosphere_0 Label:SkyAtmosphere SpatiallyLoaded:false EditorBounds:IsValid=true, Min=(X=-128.000 Y=-128.000 Z=892.000), Max=(X=240.000 Y=128.000 Z=1148.000) RuntimeBounds:IsValid=true, Min=(X=0.000 Y=0.000 Z=1020.000), Max=(X=0.000 Y=0.000 Z=1020.000) RuntimeGrid:None EditorOnly:false RuntimeOnly:false HLODRelevant:false ListedInSceneOutliner:true IsMainWorldOnly:false FolderPath:Lighting FolderGuid:0BA5F0A04EADB18E70D5B180D08FA34B
 |   |   |- [+] [ 17]
 |   |   |   |- Guid:CE8D82634660FCDB3120E2B8D547C533 NativeClass:/Script/Engine.PostProcessVolume Name:PostProcessVolume_0 Label:PostProcessVolume SpatiallyLoaded:false EditorBounds:IsValid=true, Min=(X=0.000 Y=0.000 Z=400.000), Max=(X=200.000 Y=200.000 Z=600.000) RuntimeBounds:IsValid=true, Min=(X=0.000 Y=0.000 Z=400.000), Max=(X=200.000 Y=200.000 Z=600.000) RuntimeGrid:None EditorOnly:false RuntimeOnly:false HLODRelevant:false ListedInSceneOutliner:true IsMainWorldOnly:false FolderPath:Lighting FolderGuid:0BA5F0A04EADB18E70D5B180D08FA34B
 |   |   |- [+] [ 18]
 |   |   |   |- Guid:E5320C1B4FD9764CE7B54D8487AEC613 NativeClass:/Script/Engine.SkyLight Name:SkyLight_0 Label:SkyLight SpatiallyLoaded:false EditorBounds:IsValid=true, Min=(X=-1.000 Y=-1.000 Z=-1.000), Max=(X=1.000 Y=1.000 Z=690.000) RuntimeBounds:IsValid=true, Min=(X=0.000 Y=0.000 Z=690.000), Max=(X=0.000 Y=0.000 Z=690.000) RuntimeGrid:None EditorOnly:false RuntimeOnly:false HLODRelevant:false ListedInSceneOutliner:true IsMainWorldOnly:false FolderPath:Lighting FolderGuid:0BA5F0A04EADB18E70D5B180D08FA34B
 |   |   |- [+] [ 19]
 |   |   |   |- Guid:F80621C9446867154938FE81375207DA NativeClass:/Script/Engine.DirectionalLight Name:DirectionalLight_1 Label:DirectionalLight SpatiallyLoaded:false EditorBounds:IsValid=false, Min=(X=0.000 Y=0.000 Z=0.000), Max=(X=0.000 Y=0.000 Z=0.000) RuntimeBounds:IsValid=false, Min=(X=0.000 Y=0.000 Z=0.000), Max=(X=0.000 Y=0.000 Z=0.000) RuntimeGrid:None EditorOnly:false RuntimeOnly:false HLODRelevant:false ListedInSceneOutliner:true IsMainWorldOnly:false FolderPath:Lighting FolderGuid:0BA5F0A04EADB18E70D5B180D08FA34B
 |- ContainerInstances:
 |- [+] MainContainer:
 |   |-        ID: 00000000000000000000000000000000
 |   |-  ParentID: 00000000000000000000000000000000
 |   |-    Bounds: IsValid=false, Min=(X=0.000 Y=0.000 Z=0.000), Max=(X=0.000 Y=0.000 Z=0.000)
 |   |- Transform: 0.000000,0.000000,0.000000|0.000000,0.000000,-0.000000|1.000000,1.000000,1.000000
 |   |- Container: /Game/LVLS/FirstPersonMap
----------------------------------------------------------------------------------------------------------------
FirstPersonMap - Persistent Level
----------------------------------------------------------------------------------------------------------------
[+] Content of FirstPersonMap Persistent Level
 |- Always loaded Actor Count: 20 
 |- Actor Path: /Game/LVLS/FirstPersonMap.FirstPersonMap:PersistentLevel.DirectionalLight_1
 |- Actor Package: /Game/__ExternalActors__/LVLS/FirstPersonMap/4/WV/VVYYBQRZJUUW365BIWHNYC
 |- Actor Path: /Game/LVLS/FirstPersonMap.FirstPersonMap:PersistentLevel.ExponentialHeightFog_0
 |- Actor Package: /Game/__ExternalActors__/LVLS/FirstPersonMap/7/4K/QKVRHR9J4WOFZLCHF5INAD
 |- Actor Path: /Game/LVLS/FirstPersonMap.FirstPersonMap:PersistentLevel.PlayerStart_0
 |- Actor Package: /Game/__ExternalActors__/LVLS/FirstPersonMap/A/94/EQ42SNSWRKIOXHBNOXFR4F
 |- Actor Path: /Game/LVLS/FirstPersonMap.FirstPersonMap:PersistentLevel.PostProcessVolume_0
 |- Actor Package: /Game/__ExternalActors__/LVLS/FirstPersonMap/C/10/DQEUOR78RS0YAZ997G7LS1
 |- Actor Path: /Game/LVLS/FirstPersonMap.FirstPersonMap:PersistentLevel.SkyAtmosphere_0
 |- Actor Package: /Game/__ExternalActors__/LVLS/FirstPersonMap/1/UD/EBREJFLI40AHT3WF1FV41W
 |- Actor Path: /Game/LVLS/FirstPersonMap.FirstPersonMap:PersistentLevel.SkyLight_0
 |- Actor Package: /Game/__ExternalActors__/LVLS/FirstPersonMap/3/AY/M71ZOD9BF7F7JMVHRYZF70
 |- Actor Path: /Game/LVLS/FirstPersonMap.FirstPersonMap:PersistentLevel.StaticMeshActor_10
 |- Actor Package: /Game/__ExternalActors__/LVLS/FirstPersonMap/5/MP/BAI1O7IHYOLGS39PGOMUCM
 |- Actor Path: /Game/LVLS/FirstPersonMap.FirstPersonMap:PersistentLevel.StaticMeshActor_UAID_047C16C17B56A19D02_1152092623
 |- Actor Package: /Game/__ExternalActors__/LVLS/FirstPersonMap/4/01/8QZZG05ROMAQO0RWMXQM14
 |- Actor Path: /Game/LVLS/FirstPersonMap.FirstPersonMap:PersistentLevel.StaticMeshActor_UAID_047C16C17B56A19D02_1442169624
 |- Actor Package: /Game/__ExternalActors__/LVLS/FirstPersonMap/E/9E/LJFBU5C0HCWPTO1SWRG1QX
 |- Actor Path: /Game/LVLS/FirstPersonMap.FirstPersonMap:PersistentLevel.StaticMeshActor_UAID_047C16C17B56A19D02_1521563625
 |- Actor Package: /Game/__ExternalActors__/LVLS/FirstPersonMap/C/46/NJPWJ1C260U73RP0LT3LLD
 |- Actor Path: /Game/LVLS/FirstPersonMap.FirstPersonMap:PersistentLevel.StaticMeshActor_UAID_047C16C17B56A19D02_1563406626
 |- Actor Package: /Game/__ExternalActors__/LVLS/FirstPersonMap/B/KF/ZHXUFA8M55M2GJK38GGVTK
 |- Actor Path: /Game/LVLS/FirstPersonMap.FirstPersonMap:PersistentLevel.StaticMeshActor_UAID_047C16C17B56A19D02_1572472627
 |- Actor Package: /Game/__ExternalActors__/LVLS/FirstPersonMap/7/YC/21LOVZ4DEV3479ZVIWKC4L
 |- Actor Path: /Game/LVLS/FirstPersonMap.FirstPersonMap:PersistentLevel.StaticMeshActor_UAID_047C16C17B56A19D02_1585712628
 |- Actor Package: /Game/__ExternalActors__/LVLS/FirstPersonMap/B/KB/IRX8VK6KCL57KPSSE5O3OH
 |- Actor Path: /Game/LVLS/FirstPersonMap.FirstPersonMap:PersistentLevel.StaticMeshActor_UAID_047C16C17B56A39D02_1195358981
 |- Actor Package: /Game/__ExternalActors__/LVLS/FirstPersonMap/7/T0/ZY5JLIEC9P78F5HDN1R2C6
 |- Actor Path: /Game/LVLS/FirstPersonMap.FirstPersonMap:PersistentLevel.StaticMeshActor_UAID_047C16C17B56A39D02_1229192982
 |- Actor Package: /Game/__ExternalActors__/LVLS/FirstPersonMap/3/WL/MDVHP5IFRTZSF7U0O2T8F2
 |- Actor Path: /Game/LVLS/FirstPersonMap.FirstPersonMap:PersistentLevel.StaticMeshActor_UAID_047C16C17B56A39D02_1237894983
 |- Actor Package: /Game/__ExternalActors__/LVLS/FirstPersonMap/0/9Q/KS576TVF8PT7ZD67PYG5DW
 |- Actor Path: /Game/LVLS/FirstPersonMap.FirstPersonMap:PersistentLevel.StaticMeshActor_UAID_047C16C17B56A39D02_1253126984
 |- Actor Package: /Game/__ExternalActors__/LVLS/FirstPersonMap/9/7V/4FPOSB91609UHTI8DL9T8X
 |- Actor Path: /Game/LVLS/FirstPersonMap.FirstPersonMap:PersistentLevel.StaticMeshActor_UAID_A4AE111137DC5EFB00_2001720423
 |- Actor Package: /Game/__ExternalActors__/LVLS/FirstPersonMap/7/9V/O8S58EKNGQ66L4468E7L87
 |- Actor Path: /Game/LVLS/FirstPersonMap.FirstPersonMap:PersistentLevel.VolumetricCloud_0
 |- Actor Package: /Game/__ExternalActors__/LVLS/FirstPersonMap/A/YX/545145UL1W0JXKV9S7TMQP
 |- Actor Path: /Game/LVLS/FirstPersonMap.FirstPersonMap:PersistentLevel.WorldDataLayers
 |- Actor Package: /Game/__ExternalActors__/LVLS/FirstPersonMap/B/F1/09K9GKW5RHA32KL65FJW8K

----------------------------------------------------------------------------------------------------------------
FirstPersonMap - Runtime Hash Set
----------------------------------------------------------------------------------------------------------------

